==17238== Memcheck, a memory error detector
==17238== Copyright (C) 2002-2017, and GNU GPL'd, by Julian Seward et al.
==17238== Using Valgrind-3.17.0 and LibVEX; rerun with -h for copyright info
==17238== Command: ./fdf test_maps/42.fdf
==17238== 
==17238== 
==17238== HEAP SUMMARY:
==17238==     in use at exit: 83,835 bytes in 107 blocks
==17238==   total heap usage: 626 allocs, 519 frees, 130,258 bytes allocated
==17238== 
==17238== 3 bytes in 1 blocks are still reachable in loss record 1 of 51
==17238==    at 0x4842839: malloc (in /usr/libexec/valgrind/vgpreload_memcheck-amd64-linux.so)
==17238==    by 0x4BA514E: strdup (strdup.c:42)
==17238==    by 0x48ACD05: XOpenDisplay (in /usr/lib/x86_64-linux-gnu/libX11.so.6.4.0)
==17238==    by 0x10C677: mlx_init (in /home/spogo/dev/project/fdf/fdf)
==17238==    by 0x10AAA3: main (in /home/spogo/dev/project/fdf/fdf)
==17238== 
==17238== 8 bytes in 1 blocks are still reachable in loss record 2 of 51
==17238==    at 0x4842839: malloc (in /usr/libexec/valgrind/vgpreload_memcheck-amd64-linux.so)
==17238==    by 0x4BA514E: strdup (strdup.c:42)
==17238==    by 0x48A9B8E: XInitExtension (in /usr/lib/x86_64-linux-gnu/libX11.so.6.4.0)
==17238==    by 0x4876510: XextAddDisplay (in /usr/lib/x86_64-linux-gnu/libXext.so.6.4.0)
==17238==    by 0x48718D2: XShmQueryVersion (in /usr/lib/x86_64-linux-gnu/libXext.so.6.4.0)
==17238==    by 0x10C4B3: mlx_int_deal_shm (in /home/spogo/dev/project/fdf/fdf)
==17238==    by 0x10C731: mlx_init (in /home/spogo/dev/project/fdf/fdf)
==17238==    by 0x10AAA3: main (in /home/spogo/dev/project/fdf/fdf)
==17238== 
==17238== 8 bytes in 1 blocks are still reachable in loss record 3 of 51
==17238==    at 0x4842839: malloc (in /usr/libexec/valgrind/vgpreload_memcheck-amd64-linux.so)
==17238==    by 0x4876264: ??? (in /usr/lib/x86_64-linux-gnu/libXext.so.6.4.0)
==17238==    by 0x48762CE: ??? (in /usr/lib/x86_64-linux-gnu/libXext.so.6.4.0)
==17238==    by 0x48766C2: XextAddDisplay (in /usr/lib/x86_64-linux-gnu/libXext.so.6.4.0)
==17238==    by 0x48718D2: XShmQueryVersion (in /usr/lib/x86_64-linux-gnu/libXext.so.6.4.0)
==17238==    by 0x10C4B3: mlx_int_deal_shm (in /home/spogo/dev/project/fdf/fdf)
==17238==    by 0x10C731: mlx_init (in /home/spogo/dev/project/fdf/fdf)
==17238==    by 0x10AAA3: main (in /home/spogo/dev/project/fdf/fdf)
==17238== 
==17238== 10 bytes in 1 blocks are still reachable in loss record 4 of 51
==17238==    at 0x4842839: malloc (in /usr/libexec/valgrind/vgpreload_memcheck-amd64-linux.so)
==17238==    by 0x4BA514E: strdup (strdup.c:42)
==17238==    by 0x48A9B8E: XInitExtension (in /usr/lib/x86_64-linux-gnu/libX11.so.6.4.0)
==17238==    by 0x49134D3: XkbUseExtension (in /usr/lib/x86_64-linux-gnu/libX11.so.6.4.0)
==17238==    by 0x48AD868: XOpenDisplay (in /usr/lib/x86_64-linux-gnu/libX11.so.6.4.0)
==17238==    by 0x10C677: mlx_init (in /home/spogo/dev/project/fdf/fdf)
==17238==    by 0x10AAA3: main (in /home/spogo/dev/project/fdf/fdf)
==17238== 
==17238== 16 bytes in 1 blocks are still reachable in loss record 5 of 51
==17238==    at 0x4842839: malloc (in /usr/libexec/valgrind/vgpreload_memcheck-amd64-linux.so)
==17238==    by 0x4D04631: ??? (in /usr/lib/x86_64-linux-gnu/libxcb.so.1.1.0)
==17238==    by 0x4D02ACB: ??? (in /usr/lib/x86_64-linux-gnu/libxcb.so.1.1.0)
==17238==    by 0x4D008F5: xcb_connect_to_fd (in /usr/lib/x86_64-linux-gnu/libxcb.so.1.1.0)
==17238==    by 0x4D0516A: xcb_connect_to_display_with_auth_info (in /usr/lib/x86_64-linux-gnu/libxcb.so.1.1.0)
==17238==    by 0x48BCF59: _XConnectXCB (in /usr/lib/x86_64-linux-gnu/libX11.so.6.4.0)
==17238==    by 0x48ACD28: XOpenDisplay (in /usr/lib/x86_64-linux-gnu/libX11.so.6.4.0)
==17238==    by 0x10C677: mlx_init (in /home/spogo/dev/project/fdf/fdf)
==17238==    by 0x10AAA3: main (in /home/spogo/dev/project/fdf/fdf)
==17238== 
==17238== 21 bytes in 1 blocks are still reachable in loss record 6 of 51
==17238==    at 0x4842839: malloc (in /usr/libexec/valgrind/vgpreload_memcheck-amd64-linux.so)
==17238==    by 0x48AD206: XOpenDisplay (in /usr/lib/x86_64-linux-gnu/libX11.so.6.4.0)
==17238==    by 0x10C677: mlx_init (in /home/spogo/dev/project/fdf/fdf)
==17238==    by 0x10AAA3: main (in /home/spogo/dev/project/fdf/fdf)
==17238== 
==17238== 24 bytes in 1 blocks are still reachable in loss record 7 of 51
==17238==    at 0x4842839: malloc (in /usr/libexec/valgrind/vgpreload_memcheck-amd64-linux.so)
==17238==    by 0x4876471: XextCreateExtension (in /usr/lib/x86_64-linux-gnu/libXext.so.6.4.0)
==17238==    by 0x4875F3C: ??? (in /usr/lib/x86_64-linux-gnu/libXext.so.6.4.0)
==17238==    by 0x48762BB: ??? (in /usr/lib/x86_64-linux-gnu/libXext.so.6.4.0)
==17238==    by 0x48766C2: XextAddDisplay (in /usr/lib/x86_64-linux-gnu/libXext.so.6.4.0)
==17238==    by 0x48718D2: XShmQueryVersion (in /usr/lib/x86_64-linux-gnu/libXext.so.6.4.0)
==17238==    by 0x10C4B3: mlx_int_deal_shm (in /home/spogo/dev/project/fdf/fdf)
==17238==    by 0x10C731: mlx_init (in /home/spogo/dev/project/fdf/fdf)
==17238==    by 0x10AAA3: main (in /home/spogo/dev/project/fdf/fdf)
==17238== 
==17238== 24 bytes in 1 blocks are still reachable in loss record 8 of 51
==17238==    at 0x4842839: malloc (in /usr/libexec/valgrind/vgpreload_memcheck-amd64-linux.so)
==17238==    by 0x4BA514E: strdup (strdup.c:42)
==17238==    by 0x48A9B8E: XInitExtension (in /usr/lib/x86_64-linux-gnu/libX11.so.6.4.0)
==17238==    by 0x4876510: XextAddDisplay (in /usr/lib/x86_64-linux-gnu/libXext.so.6.4.0)
==17238==    by 0x4875F7A: ??? (in /usr/lib/x86_64-linux-gnu/libXext.so.6.4.0)
==17238==    by 0x48762BB: ??? (in /usr/lib/x86_64-linux-gnu/libXext.so.6.4.0)
==17238==    by 0x48766C2: XextAddDisplay (in /usr/lib/x86_64-linux-gnu/libXext.so.6.4.0)
==17238==    by 0x48718D2: XShmQueryVersion (in /usr/lib/x86_64-linux-gnu/libXext.so.6.4.0)
==17238==    by 0x10C4B3: mlx_int_deal_shm (in /home/spogo/dev/project/fdf/fdf)
==17238==    by 0x10C731: mlx_init (in /home/spogo/dev/project/fdf/fdf)
==17238==    by 0x10AAA3: main (in /home/spogo/dev/project/fdf/fdf)
==17238== 
==17238== 24 bytes in 1 blocks are still reachable in loss record 9 of 51
==17238==    at 0x4842839: malloc (in /usr/libexec/valgrind/vgpreload_memcheck-amd64-linux.so)
==17238==    by 0x48762ED: ??? (in /usr/lib/x86_64-linux-gnu/libXext.so.6.4.0)
==17238==    by 0x48766C2: XextAddDisplay (in /usr/lib/x86_64-linux-gnu/libXext.so.6.4.0)
==17238==    by 0x48718D2: XShmQueryVersion (in /usr/lib/x86_64-linux-gnu/libXext.so.6.4.0)
==17238==    by 0x10C4B3: mlx_int_deal_shm (in /home/spogo/dev/project/fdf/fdf)
==17238==    by 0x10C731: mlx_init (in /home/spogo/dev/project/fdf/fdf)
==17238==    by 0x10AAA3: main (in /home/spogo/dev/project/fdf/fdf)
==17238== 
==17238== 24 bytes in 1 blocks are still reachable in loss record 10 of 51
==17238==    at 0x4842839: malloc (in /usr/libexec/valgrind/vgpreload_memcheck-amd64-linux.so)
==17238==    by 0x48BAC25: ??? (in /usr/lib/x86_64-linux-gnu/libX11.so.6.4.0)
==17238==    by 0x48C32F9: _XReply (in /usr/lib/x86_64-linux-gnu/libX11.so.6.4.0)
==17238==    by 0x490B79A: XkbGetUpdatedMap (in /usr/lib/x86_64-linux-gnu/libX11.so.6.4.0)
==17238==    by 0x490B884: XkbGetMap (in /usr/lib/x86_64-linux-gnu/libX11.so.6.4.0)
==17238==    by 0x490B8D2: ??? (in /usr/lib/x86_64-linux-gnu/libX11.so.6.4.0)
==17238==    by 0x490BC3F: XkbKeycodeToKeysym (in /usr/lib/x86_64-linux-gnu/libX11.so.6.4.0)
==17238==    by 0x10D067: mlx_int_param_KeyRelease (in /home/spogo/dev/project/fdf/fdf)
==17238==    by 0x10CB15: mlx_loop (in /home/spogo/dev/project/fdf/fdf)
==17238==    by 0x10AB82: main (in /home/spogo/dev/project/fdf/fdf)
==17238== 
==17238== 29 bytes in 1 blocks are still reachable in loss record 11 of 51
==17238==    at 0x4842839: malloc (in /usr/libexec/valgrind/vgpreload_memcheck-amd64-linux.so)
==17238==    by 0x48A625D: _XUpdateAtomCache (in /usr/lib/x86_64-linux-gnu/libX11.so.6.4.0)
==17238==    by 0x48A8B29: XInternAtom (in /usr/lib/x86_64-linux-gnu/libX11.so.6.4.0)
==17238==    by 0x10C722: mlx_init (in /home/spogo/dev/project/fdf/fdf)
==17238==    by 0x10AAA3: main (in /home/spogo/dev/project/fdf/fdf)
==17238== 
==17238== 32 bytes in 1 blocks are still reachable in loss record 12 of 51
==17238==    at 0x4842749: malloc (in /usr/libexec/valgrind/vgpreload_memcheck-amd64-linux.so)
==17238==    by 0x4D0424E: ??? (in /usr/lib/x86_64-linux-gnu/libxcb.so.1.1.0)
==17238==    by 0x4D042D7: xcb_get_extension_data (in /usr/lib/x86_64-linux-gnu/libxcb.so.1.1.0)
==17238==    by 0x4D010DE: xcb_prefetch_maximum_request_length (in /usr/lib/x86_64-linux-gnu/libxcb.so.1.1.0)
==17238==    by 0x4D01154: xcb_get_maximum_request_length (in /usr/lib/x86_64-linux-gnu/libxcb.so.1.1.0)
==17238==    by 0x48AD6EB: XOpenDisplay (in /usr/lib/x86_64-linux-gnu/libX11.so.6.4.0)
==17238==    by 0x10C677: mlx_init (in /home/spogo/dev/project/fdf/fdf)
==17238==    by 0x10AAA3: main (in /home/spogo/dev/project/fdf/fdf)
==17238== 
==17238== 32 bytes in 1 blocks are still reachable in loss record 13 of 51
==17238==    at 0x4842839: malloc (in /usr/libexec/valgrind/vgpreload_memcheck-amd64-linux.so)
==17238==    by 0x4D037B2: ??? (in /usr/lib/x86_64-linux-gnu/libxcb.so.1.1.0)
==17238==    by 0x4D00E9E: ??? (in /usr/lib/x86_64-linux-gnu/libxcb.so.1.1.0)
==17238==    by 0x4D02D0E: ??? (in /usr/lib/x86_64-linux-gnu/libxcb.so.1.1.0)
==17238==    by 0x4D02E24: xcb_wait_for_reply (in /usr/lib/x86_64-linux-gnu/libxcb.so.1.1.0)
==17238==    by 0x4D04332: xcb_get_extension_data (in /usr/lib/x86_64-linux-gnu/libxcb.so.1.1.0)
==17238==    by 0x4D010DE: xcb_prefetch_maximum_request_length (in /usr/lib/x86_64-linux-gnu/libxcb.so.1.1.0)
==17238==    by 0x4D01154: xcb_get_maximum_request_length (in /usr/lib/x86_64-linux-gnu/libxcb.so.1.1.0)
==17238==    by 0x48AD6EB: XOpenDisplay (in /usr/lib/x86_64-linux-gnu/libX11.so.6.4.0)
==17238==    by 0x10C677: mlx_init (in /home/spogo/dev/project/fdf/fdf)
==17238==    by 0x10AAA3: main (in /home/spogo/dev/project/fdf/fdf)
==17238== 
==17238== 32 bytes in 1 blocks are still reachable in loss record 14 of 51
==17238==    at 0x4842839: malloc (in /usr/libexec/valgrind/vgpreload_memcheck-amd64-linux.so)
==17238==    by 0x48764EF: XextAddDisplay (in /usr/lib/x86_64-linux-gnu/libXext.so.6.4.0)
==17238==    by 0x48718D2: XShmQueryVersion (in /usr/lib/x86_64-linux-gnu/libXext.so.6.4.0)
==17238==    by 0x10C4B3: mlx_int_deal_shm (in /home/spogo/dev/project/fdf/fdf)
==17238==    by 0x10C731: mlx_init (in /home/spogo/dev/project/fdf/fdf)
==17238==    by 0x10AAA3: main (in /home/spogo/dev/project/fdf/fdf)
==17238== 
==17238== 32 bytes in 1 blocks are still reachable in loss record 15 of 51
==17238==    at 0x4842839: malloc (in /usr/libexec/valgrind/vgpreload_memcheck-amd64-linux.so)
==17238==    by 0x48764EF: XextAddDisplay (in /usr/lib/x86_64-linux-gnu/libXext.so.6.4.0)
==17238==    by 0x4875F7A: ??? (in /usr/lib/x86_64-linux-gnu/libXext.so.6.4.0)
==17238==    by 0x48762BB: ??? (in /usr/lib/x86_64-linux-gnu/libXext.so.6.4.0)
==17238==    by 0x48766C2: XextAddDisplay (in /usr/lib/x86_64-linux-gnu/libXext.so.6.4.0)
==17238==    by 0x48718D2: XShmQueryVersion (in /usr/lib/x86_64-linux-gnu/libXext.so.6.4.0)
==17238==    by 0x10C4B3: mlx_int_deal_shm (in /home/spogo/dev/project/fdf/fdf)
==17238==    by 0x10C731: mlx_init (in /home/spogo/dev/project/fdf/fdf)
==17238==    by 0x10AAA3: main (in /home/spogo/dev/project/fdf/fdf)
==17238== 
==17238== 33 bytes in 1 blocks are still reachable in loss record 16 of 51
==17238==    at 0x4842839: malloc (in /usr/libexec/valgrind/vgpreload_memcheck-amd64-linux.so)
==17238==    by 0x48A625D: _XUpdateAtomCache (in /usr/lib/x86_64-linux-gnu/libX11.so.6.4.0)
==17238==    by 0x48A8B29: XInternAtom (in /usr/lib/x86_64-linux-gnu/libX11.so.6.4.0)
==17238==    by 0x10C70B: mlx_init (in /home/spogo/dev/project/fdf/fdf)
==17238==    by 0x10AAA3: main (in /home/spogo/dev/project/fdf/fdf)
==17238== 
==17238== 40 bytes in 1 blocks are still reachable in loss record 17 of 51
==17238==    at 0x4842839: malloc (in /usr/libexec/valgrind/vgpreload_memcheck-amd64-linux.so)
==17238==    by 0x48BD241: _XPollfdCacheInit (in /usr/lib/x86_64-linux-gnu/libX11.so.6.4.0)
==17238==    by 0x48AD031: XOpenDisplay (in /usr/lib/x86_64-linux-gnu/libX11.so.6.4.0)
==17238==    by 0x10C677: mlx_init (in /home/spogo/dev/project/fdf/fdf)
==17238==    by 0x10AAA3: main (in /home/spogo/dev/project/fdf/fdf)
==17238== 
==17238== 48 bytes in 1 blocks are still reachable in loss record 18 of 51
==17238==    at 0x4842839: malloc (in /usr/libexec/valgrind/vgpreload_memcheck-amd64-linux.so)
==17238==    by 0x48BCEE1: _XConnectXCB (in /usr/lib/x86_64-linux-gnu/libX11.so.6.4.0)
==17238==    by 0x48ACD28: XOpenDisplay (in /usr/lib/x86_64-linux-gnu/libX11.so.6.4.0)
==17238==    by 0x10C677: mlx_init (in /home/spogo/dev/project/fdf/fdf)
==17238==    by 0x10AAA3: main (in /home/spogo/dev/project/fdf/fdf)
==17238== 
==17238== 48 bytes in 1 blocks are still reachable in loss record 19 of 51
==17238==    at 0x4842839: malloc (in /usr/libexec/valgrind/vgpreload_memcheck-amd64-linux.so)
==17238==    by 0x48BCEF7: _XConnectXCB (in /usr/lib/x86_64-linux-gnu/libX11.so.6.4.0)
==17238==    by 0x48ACD28: XOpenDisplay (in /usr/lib/x86_64-linux-gnu/libX11.so.6.4.0)
==17238==    by 0x10C677: mlx_init (in /home/spogo/dev/project/fdf/fdf)
==17238==    by 0x10AAA3: main (in /home/spogo/dev/project/fdf/fdf)
==17238== 
==17238== 48 bytes in 1 blocks are still reachable in loss record 20 of 51
==17238==    at 0x4847A25: calloc (in /usr/libexec/valgrind/vgpreload_memcheck-amd64-linux.so)
==17238==    by 0x490B850: XkbGetMap (in /usr/lib/x86_64-linux-gnu/libX11.so.6.4.0)
==17238==    by 0x490B8D2: ??? (in /usr/lib/x86_64-linux-gnu/libX11.so.6.4.0)
==17238==    by 0x490BC3F: XkbKeycodeToKeysym (in /usr/lib/x86_64-linux-gnu/libX11.so.6.4.0)
==17238==    by 0x10D067: mlx_int_param_KeyRelease (in /home/spogo/dev/project/fdf/fdf)
==17238==    by 0x10CB15: mlx_loop (in /home/spogo/dev/project/fdf/fdf)
==17238==    by 0x10AB82: main (in /home/spogo/dev/project/fdf/fdf)
==17238== 
==17238== 72 bytes in 1 blocks are still reachable in loss record 21 of 51
==17238==    at 0x4847A25: calloc (in /usr/libexec/valgrind/vgpreload_memcheck-amd64-linux.so)
==17238==    by 0x48AD0E4: XOpenDisplay (in /usr/lib/x86_64-linux-gnu/libX11.so.6.4.0)
==17238==    by 0x10C677: mlx_init (in /home/spogo/dev/project/fdf/fdf)
==17238==    by 0x10AAA3: main (in /home/spogo/dev/project/fdf/fdf)
==17238== 
==17238== 72 bytes in 1 blocks are still reachable in loss record 22 of 51
==17238==    at 0x4847A25: calloc (in /usr/libexec/valgrind/vgpreload_memcheck-amd64-linux.so)
==17238==    by 0x490B834: XkbGetMap (in /usr/lib/x86_64-linux-gnu/libX11.so.6.4.0)
==17238==    by 0x490B8D2: ??? (in /usr/lib/x86_64-linux-gnu/libX11.so.6.4.0)
==17238==    by 0x490BC3F: XkbKeycodeToKeysym (in /usr/lib/x86_64-linux-gnu/libX11.so.6.4.0)
==17238==    by 0x10D067: mlx_int_param_KeyRelease (in /home/spogo/dev/project/fdf/fdf)
==17238==    by 0x10CB15: mlx_loop (in /home/spogo/dev/project/fdf/fdf)
==17238==    by 0x10AB82: main (in /home/spogo/dev/project/fdf/fdf)
==17238== 
==17238== 112 bytes in 1 blocks are still reachable in loss record 23 of 51
==17238==    at 0x4847A25: calloc (in /usr/libexec/valgrind/vgpreload_memcheck-amd64-linux.so)
==17238==    by 0x48BCDE2: _XConnectXCB (in /usr/lib/x86_64-linux-gnu/libX11.so.6.4.0)
==17238==    by 0x48ACD28: XOpenDisplay (in /usr/lib/x86_64-linux-gnu/libX11.so.6.4.0)
==17238==    by 0x10C677: mlx_init (in /home/spogo/dev/project/fdf/fdf)
==17238==    by 0x10AAA3: main (in /home/spogo/dev/project/fdf/fdf)
==17238== 
==17238== 112 bytes in 1 blocks are still reachable in loss record 24 of 51
==17238==    at 0x4847A25: calloc (in /usr/libexec/valgrind/vgpreload_memcheck-amd64-linux.so)
==17238==    by 0x48AD3C8: XOpenDisplay (in /usr/lib/x86_64-linux-gnu/libX11.so.6.4.0)
==17238==    by 0x10C677: mlx_init (in /home/spogo/dev/project/fdf/fdf)
==17238==    by 0x10AAA3: main (in /home/spogo/dev/project/fdf/fdf)
==17238== 
==17238== 128 bytes in 1 blocks are still reachable in loss record 25 of 51
==17238==    at 0x4847A25: calloc (in /usr/libexec/valgrind/vgpreload_memcheck-amd64-linux.so)
==17238==    by 0x48AD2F6: XOpenDisplay (in /usr/lib/x86_64-linux-gnu/libX11.so.6.4.0)
==17238==    by 0x10C677: mlx_init (in /home/spogo/dev/project/fdf/fdf)
==17238==    by 0x10AAA3: main (in /home/spogo/dev/project/fdf/fdf)
==17238== 
==17238== 128 bytes in 1 blocks are still reachable in loss record 26 of 51
==17238==    at 0x4847A25: calloc (in /usr/libexec/valgrind/vgpreload_memcheck-amd64-linux.so)
==17238==    by 0x48A9B7E: XInitExtension (in /usr/lib/x86_64-linux-gnu/libX11.so.6.4.0)
==17238==    by 0x49134D3: XkbUseExtension (in /usr/lib/x86_64-linux-gnu/libX11.so.6.4.0)
==17238==    by 0x48AD868: XOpenDisplay (in /usr/lib/x86_64-linux-gnu/libX11.so.6.4.0)
==17238==    by 0x10C677: mlx_init (in /home/spogo/dev/project/fdf/fdf)
==17238==    by 0x10AAA3: main (in /home/spogo/dev/project/fdf/fdf)
==17238== 
==17238== 128 bytes in 1 blocks are still reachable in loss record 27 of 51
==17238==    at 0x4847A25: calloc (in /usr/libexec/valgrind/vgpreload_memcheck-amd64-linux.so)
==17238==    by 0x48A9B7E: XInitExtension (in /usr/lib/x86_64-linux-gnu/libX11.so.6.4.0)
==17238==    by 0x4876510: XextAddDisplay (in /usr/lib/x86_64-linux-gnu/libXext.so.6.4.0)
==17238==    by 0x48718D2: XShmQueryVersion (in /usr/lib/x86_64-linux-gnu/libXext.so.6.4.0)
==17238==    by 0x10C4B3: mlx_int_deal_shm (in /home/spogo/dev/project/fdf/fdf)
==17238==    by 0x10C731: mlx_init (in /home/spogo/dev/project/fdf/fdf)
==17238==    by 0x10AAA3: main (in /home/spogo/dev/project/fdf/fdf)
==17238== 
==17238== 128 bytes in 1 blocks are still reachable in loss record 28 of 51
==17238==    at 0x4847A25: calloc (in /usr/libexec/valgrind/vgpreload_memcheck-amd64-linux.so)
==17238==    by 0x48A9B7E: XInitExtension (in /usr/lib/x86_64-linux-gnu/libX11.so.6.4.0)
==17238==    by 0x4876510: XextAddDisplay (in /usr/lib/x86_64-linux-gnu/libXext.so.6.4.0)
==17238==    by 0x4875F7A: ??? (in /usr/lib/x86_64-linux-gnu/libXext.so.6.4.0)
==17238==    by 0x48762BB: ??? (in /usr/lib/x86_64-linux-gnu/libXext.so.6.4.0)
==17238==    by 0x48766C2: XextAddDisplay (in /usr/lib/x86_64-linux-gnu/libXext.so.6.4.0)
==17238==    by 0x48718D2: XShmQueryVersion (in /usr/lib/x86_64-linux-gnu/libXext.so.6.4.0)
==17238==    by 0x10C4B3: mlx_int_deal_shm (in /home/spogo/dev/project/fdf/fdf)
==17238==    by 0x10C731: mlx_init (in /home/spogo/dev/project/fdf/fdf)
==17238==    by 0x10AAA3: main (in /home/spogo/dev/project/fdf/fdf)
==17238== 
==17238== 136 bytes in 1 blocks are still reachable in loss record 29 of 51
==17238==    at 0x4842839: malloc (in /usr/libexec/valgrind/vgpreload_memcheck-amd64-linux.so)
==17238==    by 0x10C65F: mlx_init (in /home/spogo/dev/project/fdf/fdf)
==17238==    by 0x10AAA3: main (in /home/spogo/dev/project/fdf/fdf)
==17238== 
==17238== 152 bytes in 1 blocks are still reachable in loss record 30 of 51
==17238==    at 0x4847A25: calloc (in /usr/libexec/valgrind/vgpreload_memcheck-amd64-linux.so)
==17238==    by 0x49136CE: XkbUseExtension (in /usr/lib/x86_64-linux-gnu/libX11.so.6.4.0)
==17238==    by 0x48AD868: XOpenDisplay (in /usr/lib/x86_64-linux-gnu/libX11.so.6.4.0)
==17238==    by 0x10C677: mlx_init (in /home/spogo/dev/project/fdf/fdf)
==17238==    by 0x10AAA3: main (in /home/spogo/dev/project/fdf/fdf)
==17238== 
==17238== 160 bytes in 1 blocks are still reachable in loss record 31 of 51
==17238==    at 0x4842839: malloc (in /usr/libexec/valgrind/vgpreload_memcheck-amd64-linux.so)
==17238==    by 0x489BB7F: XCreateGC (in /usr/lib/x86_64-linux-gnu/libX11.so.6.4.0)
==17238==    by 0x48AD764: XOpenDisplay (in /usr/lib/x86_64-linux-gnu/libX11.so.6.4.0)
==17238==    by 0x10C677: mlx_init (in /home/spogo/dev/project/fdf/fdf)
==17238==    by 0x10AAA3: main (in /home/spogo/dev/project/fdf/fdf)
==17238== 
==17238== 168 bytes in 1 blocks are still reachable in loss record 32 of 51
==17238==    at 0x4847A25: calloc (in /usr/libexec/valgrind/vgpreload_memcheck-amd64-linux.so)
==17238==    by 0x48AD27A: XOpenDisplay (in /usr/lib/x86_64-linux-gnu/libX11.so.6.4.0)
==17238==    by 0x10C677: mlx_init (in /home/spogo/dev/project/fdf/fdf)
==17238==    by 0x10AAA3: main (in /home/spogo/dev/project/fdf/fdf)
==17238== 
==17238== 208 bytes in 1 blocks are still reachable in loss record 33 of 51
==17238==    at 0x4842839: malloc (in /usr/libexec/valgrind/vgpreload_memcheck-amd64-linux.so)
==17238==    by 0x4876219: ??? (in /usr/lib/x86_64-linux-gnu/libXext.so.6.4.0)
==17238==    by 0x48762CE: ??? (in /usr/lib/x86_64-linux-gnu/libXext.so.6.4.0)
==17238==    by 0x48766C2: XextAddDisplay (in /usr/lib/x86_64-linux-gnu/libXext.so.6.4.0)
==17238==    by 0x48718D2: XShmQueryVersion (in /usr/lib/x86_64-linux-gnu/libXext.so.6.4.0)
==17238==    by 0x10C4B3: mlx_int_deal_shm (in /home/spogo/dev/project/fdf/fdf)
==17238==    by 0x10C731: mlx_init (in /home/spogo/dev/project/fdf/fdf)
==17238==    by 0x10AAA3: main (in /home/spogo/dev/project/fdf/fdf)
==17238== 
==17238== 208 bytes in 1 blocks are still reachable in loss record 34 of 51
==17238==    at 0x4842839: malloc (in /usr/libexec/valgrind/vgpreload_memcheck-amd64-linux.so)
==17238==    by 0x48BEFEE: _XEnq (in /usr/lib/x86_64-linux-gnu/libX11.so.6.4.0)
==17238==    by 0x48C1BE6: ??? (in /usr/lib/x86_64-linux-gnu/libX11.so.6.4.0)
==17238==    by 0x48C2EF0: _XReadEvents (in /usr/lib/x86_64-linux-gnu/libX11.so.6.4.0)
==17238==    by 0x48C3235: XWindowEvent (in /usr/lib/x86_64-linux-gnu/libX11.so.6.4.0)
==17238==    by 0x10CC85: mlx_int_wait_first_expose (in /home/spogo/dev/project/fdf/fdf)
==17238==    by 0x10C8ED: mlx_new_window (in /home/spogo/dev/project/fdf/fdf)
==17238==    by 0x10AAD9: main (in /home/spogo/dev/project/fdf/fdf)
==17238== 
==17238== 256 bytes in 1 blocks are still reachable in loss record 35 of 51
==17238==    at 0x4847A25: calloc (in /usr/libexec/valgrind/vgpreload_memcheck-amd64-linux.so)
==17238==    by 0x491086D: XkbAllocClientMap (in /usr/lib/x86_64-linux-gnu/libX11.so.6.4.0)
==17238==    by 0x490B444: _XkbReadGetMapReply (in /usr/lib/x86_64-linux-gnu/libX11.so.6.4.0)
==17238==    by 0x490B7AE: XkbGetUpdatedMap (in /usr/lib/x86_64-linux-gnu/libX11.so.6.4.0)
==17238==    by 0x490B884: XkbGetMap (in /usr/lib/x86_64-linux-gnu/libX11.so.6.4.0)
==17238==    by 0x490B8D2: ??? (in /usr/lib/x86_64-linux-gnu/libX11.so.6.4.0)
==17238==    by 0x490BC3F: XkbKeycodeToKeysym (in /usr/lib/x86_64-linux-gnu/libX11.so.6.4.0)
==17238==    by 0x10D067: mlx_int_param_KeyRelease (in /home/spogo/dev/project/fdf/fdf)
==17238==    by 0x10CB15: mlx_loop (in /home/spogo/dev/project/fdf/fdf)
==17238==    by 0x10AB82: main (in /home/spogo/dev/project/fdf/fdf)
==17238== 
==17238== 344 bytes in 6 blocks are still reachable in loss record 36 of 51
==17238==    at 0x4847A25: calloc (in /usr/libexec/valgrind/vgpreload_memcheck-amd64-linux.so)
==17238==    by 0x490ADB5: _XkbReadGetMapReply (in /usr/lib/x86_64-linux-gnu/libX11.so.6.4.0)
==17238==    by 0x490B7AE: XkbGetUpdatedMap (in /usr/lib/x86_64-linux-gnu/libX11.so.6.4.0)
==17238==    by 0x490B884: XkbGetMap (in /usr/lib/x86_64-linux-gnu/libX11.so.6.4.0)
==17238==    by 0x490B8D2: ??? (in /usr/lib/x86_64-linux-gnu/libX11.so.6.4.0)
==17238==    by 0x490BC3F: XkbKeycodeToKeysym (in /usr/lib/x86_64-linux-gnu/libX11.so.6.4.0)
==17238==    by 0x10D067: mlx_int_param_KeyRelease (in /home/spogo/dev/project/fdf/fdf)
==17238==    by 0x10CB15: mlx_loop (in /home/spogo/dev/project/fdf/fdf)
==17238==    by 0x10AB82: main (in /home/spogo/dev/project/fdf/fdf)
==17238== 
==17238== 416 bytes in 2 blocks are still reachable in loss record 37 of 51
==17238==    at 0x4842839: malloc (in /usr/libexec/valgrind/vgpreload_memcheck-amd64-linux.so)
==17238==    by 0x48BEFEE: _XEnq (in /usr/lib/x86_64-linux-gnu/libX11.so.6.4.0)
==17238==    by 0x48C1BE6: ??? (in /usr/lib/x86_64-linux-gnu/libX11.so.6.4.0)
==17238==    by 0x48C2EF0: _XReadEvents (in /usr/lib/x86_64-linux-gnu/libX11.so.6.4.0)
==17238==    by 0x48C3200: XWindowEvent (in /usr/lib/x86_64-linux-gnu/libX11.so.6.4.0)
==17238==    by 0x10CC85: mlx_int_wait_first_expose (in /home/spogo/dev/project/fdf/fdf)
==17238==    by 0x10C8ED: mlx_new_window (in /home/spogo/dev/project/fdf/fdf)
==17238==    by 0x10AAD9: main (in /home/spogo/dev/project/fdf/fdf)
==17238== 
==17238== 512 bytes in 1 blocks are still reachable in loss record 38 of 51
==17238==    at 0x4847A25: calloc (in /usr/libexec/valgrind/vgpreload_memcheck-amd64-linux.so)
==17238==    by 0x48A866A: ??? (in /usr/lib/x86_64-linux-gnu/libX11.so.6.4.0)
==17238==    by 0x48A8A4E: XInternAtom (in /usr/lib/x86_64-linux-gnu/libX11.so.6.4.0)
==17238==    by 0x10C70B: mlx_init (in /home/spogo/dev/project/fdf/fdf)
==17238==    by 0x10AAA3: main (in /home/spogo/dev/project/fdf/fdf)
==17238== 
==17238== 832 bytes in 4 blocks are still reachable in loss record 39 of 51
==17238==    at 0x4842839: malloc (in /usr/libexec/valgrind/vgpreload_memcheck-amd64-linux.so)
==17238==    by 0x48BEFEE: _XEnq (in /usr/lib/x86_64-linux-gnu/libX11.so.6.4.0)
==17238==    by 0x48C1BE6: ??? (in /usr/lib/x86_64-linux-gnu/libX11.so.6.4.0)
==17238==    by 0x48C2F31: _XReadEvents (in /usr/lib/x86_64-linux-gnu/libX11.so.6.4.0)
==17238==    by 0x48C3235: XWindowEvent (in /usr/lib/x86_64-linux-gnu/libX11.so.6.4.0)
==17238==    by 0x10CC85: mlx_int_wait_first_expose (in /home/spogo/dev/project/fdf/fdf)
==17238==    by 0x10C8ED: mlx_new_window (in /home/spogo/dev/project/fdf/fdf)
==17238==    by 0x10AAD9: main (in /home/spogo/dev/project/fdf/fdf)
==17238== 
==17238== 832 bytes in 4 blocks are still reachable in loss record 40 of 51
==17238==    at 0x4842839: malloc (in /usr/libexec/valgrind/vgpreload_memcheck-amd64-linux.so)
==17238==    by 0x48BEFEE: _XEnq (in /usr/lib/x86_64-linux-gnu/libX11.so.6.4.0)
==17238==    by 0x48C1BE6: ??? (in /usr/lib/x86_64-linux-gnu/libX11.so.6.4.0)
==17238==    by 0x48C2F31: _XReadEvents (in /usr/lib/x86_64-linux-gnu/libX11.so.6.4.0)
==17238==    by 0x48C3200: XWindowEvent (in /usr/lib/x86_64-linux-gnu/libX11.so.6.4.0)
==17238==    by 0x10CC85: mlx_int_wait_first_expose (in /home/spogo/dev/project/fdf/fdf)
==17238==    by 0x10C8ED: mlx_new_window (in /home/spogo/dev/project/fdf/fdf)
==17238==    by 0x10AAD9: main (in /home/spogo/dev/project/fdf/fdf)
==17238== 
==17238== 1,120 bytes in 1 blocks are still reachable in loss record 41 of 51
==17238==    at 0x4847A25: calloc (in /usr/libexec/valgrind/vgpreload_memcheck-amd64-linux.so)
==17238==    by 0x4910931: XkbAllocClientMap (in /usr/lib/x86_64-linux-gnu/libX11.so.6.4.0)
==17238==    by 0x490B25F: _XkbReadGetMapReply (in /usr/lib/x86_64-linux-gnu/libX11.so.6.4.0)
==17238==    by 0x490B7AE: XkbGetUpdatedMap (in /usr/lib/x86_64-linux-gnu/libX11.so.6.4.0)
==17238==    by 0x490B884: XkbGetMap (in /usr/lib/x86_64-linux-gnu/libX11.so.6.4.0)
==17238==    by 0x490B8D2: ??? (in /usr/lib/x86_64-linux-gnu/libX11.so.6.4.0)
==17238==    by 0x490BC3F: XkbKeycodeToKeysym (in /usr/lib/x86_64-linux-gnu/libX11.so.6.4.0)
==17238==    by 0x10D067: mlx_int_param_KeyRelease (in /home/spogo/dev/project/fdf/fdf)
==17238==    by 0x10CB15: mlx_loop (in /home/spogo/dev/project/fdf/fdf)
==17238==    by 0x10AB82: main (in /home/spogo/dev/project/fdf/fdf)
==17238== 
==17238== 2,028 bytes in 27 blocks are still reachable in loss record 42 of 51
==17238==    at 0x4847A25: calloc (in /usr/libexec/valgrind/vgpreload_memcheck-amd64-linux.so)
==17238==    by 0x490AB9D: _XkbReadGetMapReply (in /usr/lib/x86_64-linux-gnu/libX11.so.6.4.0)
==17238==    by 0x490B7AE: XkbGetUpdatedMap (in /usr/lib/x86_64-linux-gnu/libX11.so.6.4.0)
==17238==    by 0x490B884: XkbGetMap (in /usr/lib/x86_64-linux-gnu/libX11.so.6.4.0)
==17238==    by 0x490B8D2: ??? (in /usr/lib/x86_64-linux-gnu/libX11.so.6.4.0)
==17238==    by 0x490BC3F: XkbKeycodeToKeysym (in /usr/lib/x86_64-linux-gnu/libX11.so.6.4.0)
==17238==    by 0x10D067: mlx_int_param_KeyRelease (in /home/spogo/dev/project/fdf/fdf)
==17238==    by 0x10CB15: mlx_loop (in /home/spogo/dev/project/fdf/fdf)
==17238==    by 0x10AB82: main (in /home/spogo/dev/project/fdf/fdf)
==17238== 
==17238== 2,048 bytes in 1 blocks are still reachable in loss record 43 of 51
==17238==    at 0x4847A25: calloc (in /usr/libexec/valgrind/vgpreload_memcheck-amd64-linux.so)
==17238==    by 0x490ADD4: _XkbReadGetMapReply (in /usr/lib/x86_64-linux-gnu/libX11.so.6.4.0)
==17238==    by 0x490B7AE: XkbGetUpdatedMap (in /usr/lib/x86_64-linux-gnu/libX11.so.6.4.0)
==17238==    by 0x490B884: XkbGetMap (in /usr/lib/x86_64-linux-gnu/libX11.so.6.4.0)
==17238==    by 0x490B8D2: ??? (in /usr/lib/x86_64-linux-gnu/libX11.so.6.4.0)
==17238==    by 0x490BC3F: XkbKeycodeToKeysym (in /usr/lib/x86_64-linux-gnu/libX11.so.6.4.0)
==17238==    by 0x10D067: mlx_int_param_KeyRelease (in /home/spogo/dev/project/fdf/fdf)
==17238==    by 0x10CB15: mlx_loop (in /home/spogo/dev/project/fdf/fdf)
==17238==    by 0x10AB82: main (in /home/spogo/dev/project/fdf/fdf)
==17238== 
==17238== 2,756 bytes in 1 blocks are still reachable in loss record 44 of 51
==17238==    at 0x4847C73: realloc (in /usr/libexec/valgrind/vgpreload_memcheck-amd64-linux.so)
==17238==    by 0x4D00A61: xcb_connect_to_fd (in /usr/lib/x86_64-linux-gnu/libxcb.so.1.1.0)
==17238==    by 0x4D0516A: xcb_connect_to_display_with_auth_info (in /usr/lib/x86_64-linux-gnu/libxcb.so.1.1.0)
==17238==    by 0x48BCF59: _XConnectXCB (in /usr/lib/x86_64-linux-gnu/libX11.so.6.4.0)
==17238==    by 0x48ACD28: XOpenDisplay (in /usr/lib/x86_64-linux-gnu/libX11.so.6.4.0)
==17238==    by 0x10C677: mlx_init (in /home/spogo/dev/project/fdf/fdf)
==17238==    by 0x10AAA3: main (in /home/spogo/dev/project/fdf/fdf)
==17238== 
==17238== 3,744 bytes in 18 blocks are still reachable in loss record 45 of 51
==17238==    at 0x4842839: malloc (in /usr/libexec/valgrind/vgpreload_memcheck-amd64-linux.so)
==17238==    by 0x48BEFEE: _XEnq (in /usr/lib/x86_64-linux-gnu/libX11.so.6.4.0)
==17238==    by 0x48C1BE6: ??? (in /usr/lib/x86_64-linux-gnu/libX11.so.6.4.0)
==17238==    by 0x48C1C99: _XEventsQueued (in /usr/lib/x86_64-linux-gnu/libX11.so.6.4.0)
==17238==    by 0x489CA0D: XFlush (in /usr/lib/x86_64-linux-gnu/libX11.so.6.4.0)
==17238==    by 0x10C9BF: mlx_pixel_put (in /home/spogo/dev/project/fdf/fdf)
==17238==    by 0x10B075: bresenham (in /home/spogo/dev/project/fdf/fdf)
==17238==    by 0x10B1A3: fdf (in /home/spogo/dev/project/fdf/fdf)
==17238==    by 0x10AB24: main (in /home/spogo/dev/project/fdf/fdf)
==17238== 
==17238== 4,096 bytes in 1 blocks are still reachable in loss record 46 of 51
==17238==    at 0x4847A25: calloc (in /usr/libexec/valgrind/vgpreload_memcheck-amd64-linux.so)
==17238==    by 0x490B4D3: _XkbReadGetMapReply (in /usr/lib/x86_64-linux-gnu/libX11.so.6.4.0)
==17238==    by 0x490B7AE: XkbGetUpdatedMap (in /usr/lib/x86_64-linux-gnu/libX11.so.6.4.0)
==17238==    by 0x490B884: XkbGetMap (in /usr/lib/x86_64-linux-gnu/libX11.so.6.4.0)
==17238==    by 0x490B8D2: ??? (in /usr/lib/x86_64-linux-gnu/libX11.so.6.4.0)
==17238==    by 0x490BC3F: XkbKeycodeToKeysym (in /usr/lib/x86_64-linux-gnu/libX11.so.6.4.0)
==17238==    by 0x10D067: mlx_int_param_KeyRelease (in /home/spogo/dev/project/fdf/fdf)
==17238==    by 0x10CB15: mlx_loop (in /home/spogo/dev/project/fdf/fdf)
==17238==    by 0x10AB82: main (in /home/spogo/dev/project/fdf/fdf)
==17238== 
==17238== 4,704 bytes in 1 blocks are still reachable in loss record 47 of 51
==17238==    at 0x4847A25: calloc (in /usr/libexec/valgrind/vgpreload_memcheck-amd64-linux.so)
==17238==    by 0x48ACCF1: XOpenDisplay (in /usr/lib/x86_64-linux-gnu/libX11.so.6.4.0)
==17238==    by 0x10C677: mlx_init (in /home/spogo/dev/project/fdf/fdf)
==17238==    by 0x10AAA3: main (in /home/spogo/dev/project/fdf/fdf)
==17238== 
==17238== 5,936 bytes in 2 blocks are still reachable in loss record 48 of 51
==17238==    at 0x4847A25: calloc (in /usr/libexec/valgrind/vgpreload_memcheck-amd64-linux.so)
==17238==    by 0x48AD450: XOpenDisplay (in /usr/lib/x86_64-linux-gnu/libX11.so.6.4.0)
==17238==    by 0x10C677: mlx_init (in /home/spogo/dev/project/fdf/fdf)
==17238==    by 0x10AAA3: main (in /home/spogo/dev/project/fdf/fdf)
==17238== 
==17238== 14,211 bytes in 1 blocks are still reachable in loss record 49 of 51
==17238==    at 0x4842839: malloc (in /usr/libexec/valgrind/vgpreload_memcheck-amd64-linux.so)
==17238==    by 0x48AD8D0: XOpenDisplay (in /usr/lib/x86_64-linux-gnu/libX11.so.6.4.0)
==17238==    by 0x10C677: mlx_init (in /home/spogo/dev/project/fdf/fdf)
==17238==    by 0x10AAA3: main (in /home/spogo/dev/project/fdf/fdf)
==17238== 
==17238== 16,384 bytes in 1 blocks are still reachable in loss record 50 of 51
==17238==    at 0x4847A25: calloc (in /usr/libexec/valgrind/vgpreload_memcheck-amd64-linux.so)
==17238==    by 0x48AD081: XOpenDisplay (in /usr/lib/x86_64-linux-gnu/libX11.so.6.4.0)
==17238==    by 0x10C677: mlx_init (in /home/spogo/dev/project/fdf/fdf)
==17238==    by 0x10AAA3: main (in /home/spogo/dev/project/fdf/fdf)
==17238== 
==17238== 21,168 bytes in 1 blocks are still reachable in loss record 51 of 51
==17238==    at 0x4847A25: calloc (in /usr/libexec/valgrind/vgpreload_memcheck-amd64-linux.so)
==17238==    by 0x4D00884: xcb_connect_to_fd (in /usr/lib/x86_64-linux-gnu/libxcb.so.1.1.0)
==17238==    by 0x4D0516A: xcb_connect_to_display_with_auth_info (in /usr/lib/x86_64-linux-gnu/libxcb.so.1.1.0)
==17238==    by 0x48BCF59: _XConnectXCB (in /usr/lib/x86_64-linux-gnu/libX11.so.6.4.0)
==17238==    by 0x48ACD28: XOpenDisplay (in /usr/lib/x86_64-linux-gnu/libX11.so.6.4.0)
==17238==    by 0x10C677: mlx_init (in /home/spogo/dev/project/fdf/fdf)
==17238==    by 0x10AAA3: main (in /home/spogo/dev/project/fdf/fdf)
==17238== 
==17238== LEAK SUMMARY:
==17238==    definitely lost: 0 bytes in 0 blocks
==17238==    indirectly lost: 0 bytes in 0 blocks
==17238==      possibly lost: 0 bytes in 0 blocks
==17238==    still reachable: 83,835 bytes in 107 blocks
==17238==         suppressed: 0 bytes in 0 blocks
==17238== 
==17238== For lists of detected and suppressed errors, rerun with: -s
==17238== ERROR SUMMARY: 0 errors from 0 contexts (suppressed: 1 from 1)
